==1458398== Memcheck, a memory error detector
==1458398== Copyright (C) 2002-2017, and GNU GPL'd, by Julian Seward et al.
==1458398== Using Valgrind-3.18.1-42b08ed5bd-20211015 and LibVEX; rerun with -h for copyright info
==1458398== Command: ./PmergeMe 67730 18855 94181 32116 49040 36920 90839 86380 47450 9441 77619 52815 70504 97859 34121 11059 17219 80544 26063 58965 4766 64903 77271 81701 64215 80139 1043 40524 89302 82194 1109 67503 90047 34921 83817 7495 21189 70240 7316 33967 20635 74060 96689 6318 99750 74446 30852 54248 29746 13547 86435 24480 78708 82315 25420 2746 9053 75659 27468 44227 32259 40872 79466 22452 10819 78677 6376 43434 21588 46412 55599 41182 62500 11575 19802 3449 96120 68256 62587 63326 29910 57827 89956 37143 71319 74172 92767 60200 66564 24193 83618 61759 720 8538 84933 79978 92648 65716 70656 16223 48627 19521 28337 29089 96327 76797 65628 7859 46314 14620 43156 77882 5444 29869 22514 16699 56596 31929 52713 55662 8225 51697 15320 52490 895 54328 90203 96052 50744 20703 96224 48067 52571 62751 16996 78409 18179 77622 77044 40963 3038 68570 74804 13904 34308 74098 85843 17175 86284 36400 99513 9239 42156 9120 92204 9209 60321 21320 65583 56914 71888 24197 61492 91849 60240 6245 86384 43302 46597 24878 5624 49957 52083 30567 59881 54092 64175 13634 58668 46856 86840 59056 15178 89288 22399 62316 14736 13347 84814 13991 97727 162 6465 48507 47122 95405 46877 34212 96927 13122 22261 55840 30056 47757 21645 25094 55374 52703 24811 60967 79728 23203 16206 21699 56032 40703 11394 20321 60381 20589 85326 89094 26475 25217 29467 47527 28146 24607 62425 56682 71900 52101 43715 47976 13580 47554 19067 99790 49233 84115 90926 73067 39330 2572 99433 7304 36770 86553 21453 64795 59325 30534 85310 25176 58896 19825 97514 49522 54987 9835 7215 41923 72274 73898 71448 36971 11254 5414 66017 70449 80121 42284 64668 7168 24906 90409 24896 49402 43670 63889 94098 27438 63998 55997 68425 66348 20545 33316 43930 78226 88741 25057 44084 45145 22259 40855 28393 6069 17312 97781 3797 13080 14724 15577 58081 68933 56815 81662 95230 89973 7666 12079 12597 96268 82865 70707 75718 40352 91426 30863 32600 70474 58149 51638 76916 25275 64865 21361 3989 75031 8441 83536 84630 62089 57927 51915 3089 10316 74899 99659 64328 32068 11402 22224 15483 4190 94203 50494 38389 88825 2276 41204 9310 74811 12815 16632 43340 45839 97623 23348 66801 62117 24149 30762 69875 15 3467 3762 57719 40418 20982 45775 35415 59197 4708 44315 37443 8611 84942 49862 60065 42854 61998 6819 28927 8817 89435 82568 60324 6281 9723 91595 14081 62618 7024 69671 92472 12365 45445 29368 97209 54594 29216 587 76002 31312 16403 59349 78412 88377 23687 52913 9340 50292 59830 71932 12828 69904 22757 60502 51490 20915 36344 28152 90413 49227 32363 84203 27761 56232 28222 52196 57083 68189 32518 7660 10533 44582 73905 40054 34271 21775 89581 7294 7875 97215 84357 89410 41027 74128 79703 87043 31164 63114 50631 80430 37613 85772 10235 95194 23332 86251 23305 15757 39501 29843 90740 14772 88671 9437 15648 12033 49791 82182 36067 8753 15801 25972 72306 5266 7200 17364 66577 31242 2883 38495 88824 85302 1001 71265 77493 45429 744 51127 49837 21322 80418 51380 25627 66421 51009 61206 71493 41055 74018 18288 45607 47257 85845 39795 99088 18693 76605 77192 24301 62198 17188 8675 35144 78897 87958 25504 16287 57417 99348 18413 64825 32040 60193 13641 415 81169 64344 35753 58160 74844 81946 40368 70761 66523 78752 85306 56178 43332 35472 89277 66174 83576 45043 45339 83787 66457 7404 89774 35679 15873 77740 48862 11251 29605 23886 49798 53281 48024 96184 71758 64181 85218 87600 63605 44563 57560 69985 85070 67553 48864 65098 62476 79092 2912 51916 72037 90040 62543 72687 89728 51534 35956 79679 73660 42698 57185 88977 44053 25258 82039 35040 35465 71082 36351 51304 27869 61840 29658 34973 89042 17232 55700 54901 68142 82810 69857 41859 61098 15804 7175 66627 97908 16092 42679 15983 32406 10465 27387 39471 24714 57966 85093 36415 82412 61172 17718 35855 21539 61183 18043 98186 20885 98804 18454 84618 37479 38715 86718 70472 88194 36822 70369 5175 68917 44577 21735 45595 28250 83186 47664 37003 6666 82783 84907 63708 97350 77203 26305 22760 89334 17042 205 77685 24228 23281 38178 80532 57194 59223 32240 28156 95477 12163 69357 58947 47868 63290 9847 3404 81485 95524 76978 7861 17230 10209 53725 18343 16880 5849 80251 62227 76530 19830 75414 37325 56471 45585 20174 72832 53746 8479 80203 72171 72172 77202 69547 81139 20822 35963 13294 96256 33493 87201 49731 38556 34798 21318 39464 8563 5104 32 26949 55532 82136 88709 58223 4401 29067 55524 60682 87121 67709 70084 81981 69313 87132 75997 8622 85858 24624 50148 54218 28500 9094 63758 88997 46134 78324 72691 33633 63204 65052 13277 87366 67539 48611 99196 26134 13100 58182 83030 96287 6721 4371 86311 49094 12178 92172 20361 16579 1086 66093 4701 52447 43534 67374 39544 86662 88160 26141 44639 82003 31750 47922 32357 24087 57133 41890 56781 92875 3858 46919 64935 68649 23606 11043 21120 80705 98942 91294 65958 35371 16382 72911 21653 90334 2302 76063 58143 84875 6447 69903 56166 40342 39900 16456 73636 38418 91877 51218 82740 52403 27777 36720 16089 11625 5243 35725 28870 7898 16704 4877 1647 11397 91522 95649 10067 50256 30369 40081 88089 77494 60935 32554 80997 6674 31974 47469 22106 99242 94626 62598 69551 86614 1557 50871 2829 79975 11517 75860 92630 16251 97229 32073 88290 69263 16671 20248 23256 77517 9104 23804 21832 13193 5790 48837 15283 14857 77873 93077 95563 9425 52539 7061 91321 22096 79845 15717 16298 15526 16414 67873 46714 3247 3566 73252 5861 71307 88896 2881 53357 92027 90824 26874 842 55637 89926 32255 11192 78471 55821 14636 35951 80898 7430 78578 54336 30910 98655 77296 94679 92999 32008 95312 42201 72313 56241 82596 82139 4472 59758 25223 65897 50020 79012 40265 89460 82356 70143 73646 5853 85461 99403 80447 95858 41157 15775 79151 53443 19253 20350 34431 21056 86664 94324 48623 97921 55337 19374 58390 63862 13664 38755 10231 11393 6286 35437 16778 65886 90655 7426 27271 31978 76288 34315 97925 38689 93987 16309 18697 42983 46613 38121 61863 43094 32847 2452 60800 14123 85886 72445 51453 56946 22545 17121 18100 4902 12920 86300 57076 41991 68244 77730 49004 44701 69835 78358 22921 20978 79367 93495 5975 61025 39834 4755 44770 52116 14263 73745 55564 87911 5599 37883 44269 43860 9934 73437 39848 33297 13372 18873 49515 18901 63218 93808 22291 30810 51532 13232 11199 38004 33432 51403 84862 35446 16146 22890 59228 77237 20378 86010 14099 78403 51674 6363 83727 27076 68000 36540 33415 22619 25457 18966 25251 26126 34015 33272 25780 34370 61646 93093 914 55516 89602 13402 72484 65472 90793 89478 47699 91249 91370 91286 35590 2771 83043 68920 90262 47652 98990 16466 23337 38364 51804 59570 72766 45501 5349 59765 39638 79934 22445 56655 79439 40357 83867 61807 81079 37707 58233 58495 62191 98321 24462 96297 27860 38584 21084 39882 75567 63745 87612 53326 80305 16374 15134 89297 8671 19577 11716 97311 16660 53636 55655 5113 18190 39785 59208 66841 18759 51167 59520 36356 7567 61455 4403 39351 55943 79111 45441 77851 44725 92139 42071 57656 4320 94700 33361 61655 13570 98854 44696 50232 22864 4587 55606 92681 53108 82254 27568 74730 3478 25961 36265 67724 73453 64688 34454 99129 77741 8526 89812 21758 71499 10920 72380 13550 53608 36784 59073 72427 25423 37302 62245 77380 42548 84558 71185 22018 96514 85172 17048 23529 59469 85846 32880 41715 94400 18359 99597 37804 82470 35147 74027 22988 31982 78363 90587 71281 50702 89035 95132 71112 61775 11650 35847 23970 5467 94808 82402 51667 19372 20869 8554 21070 54567 83512 6536 7151 49794 38295 14079 43441 40799 14387 8858 37950 58346 87486 54865 73256 13356 34501 30177 43687 4584 77201 67087 22834 7482 876 17636 91064 66101 84607 35815 91260 57475 34123 38151 84222 60457 30325 88000 53419 35261 35501 84240 41717 61217 20143 61848 95247 52141 42411 24558 59919 24481 86361 65731 92032 20559 83335 53036 33649 10010 26251 49148 16962 13378 29930 74088 5889 69025 22671 79326 7531 61160 32264 70195 67638 17308 91712 8126 76987 10629 52861 6387 36764 35156 14089 12453 13363 93799 12511 24525 96606 62942 8955 81334 91121 32232 62389 15877 65760 78405 87359 68771 46766 79445 37005 42338 37499 91073 63142 96920 90784 76353 8952 37286 47867 72083 41583 63783 45460 8405 54709 15975 73588 53085 50133 38636 50722 34086 32633 85422 7595 91345 83577 63557 35848 68048 10944 97024 83475 27975 39747 71109 88754 97206 88851 97136 94699 35654 87980 82822 41086 23913 31946 33906 7188 31428 28653 19812 55582 72785 8328 29489 51362 81084 99275 95319 16940 33788 39508 72043 81495 51637 66150 49214 15850 89836 45724 49891 47187 95100 36148 94520 86831 46464 14132 88889 99109 48977 83915 39088 86005 34855 87663 23803 10923 26574 25580 12088 23316 61742 55612 78420 9274 92841 90559 85455 90313 73242 49079 49409 64701 95366 2561 45424 15269 51570 29998 80700 56520 35298 47524 88747 66899 24455 82474 96913 29858 5262 84514 43478 10032 32283 35016 44078 98052 45505 87084 5598 83650 79639 67153 62368 11952 76619 77515 45503 5067 58559 94620 58778 32992 58299 21276 51797 14677 1125 26567 72526 78946 18201 9155 6190 66265 55608 60467 1677 84961 9148 89313 45327 48459 5270 57144 67451 99704 31008 3051 94801 9137 56150 19662 68072 39413 14362 80518 88424 83397 62469 9227 97803 53698 75952 7706 10299 72073 43138 40461 31239 61987 86753 82800 70746 59914 41149 63373 29908 28501 11689 62345 15982 1488 68422 44425 82006 53827 68762 85801 24121 12093 66283 31804 11006 29469 19100 78193 85663 59775 67314 79010 20325 84100 49676 12089 17859 12267 7625 99537 74878 13376 31770 73851 57058 61977 82336 64543 24498 33863 43323 83929 20343 80178 37903 95697 43502 12932 55054 98019 26589 95577 43084 69413 79732 18498 82658 44583 34740 76092 18168 20110 68829 58919 21754 26349 44268 20375 55323 64899 26297 78106 85243 39771 96543 74705 92750 92778 93693 57757 27887 26870 83452 36674 66405 2141 72398 57649 47912 14278 73175 57440 5560 68675 77036 41764 89488 9836 54138 46437 29635 63078 88552 34608 33362 55167 87160 16535 46697 38373 1608 95025 8503 31418 28879 40053 93222 56239 23258 9304 75509 51865 98320 11778 71930 29318 1764 79647 14491 82051 4132 10378 359 72275 32513 9277 53486 2419 40293 33201 20903 62068 74230 73814 34255 79553 12388 6189 72218 33487 91677 94190 5500 75899 28246 54513 19806 70993 83953 5856 68059 1346 56561 61118 34747 26655 91771 88136 46115 44733 8811 79750 42857 44882 98095 83415 79875 89914 74423 13796 85627 11358 92590 32149 56608 29871 88496 89574 34618 69452 46795 11248 13563 76271 13495 65168 37951 91486 58468 22271 28794 97067 99827 41644 43932 54708 46167 12847 13609 36993 92307 76500 17912 84934 53202 97817 46408 91290 20675 77314 22377 28168 56345 57334 69900 32388 39170 90464 27227 34751 11605 43096 57938 59865 11634 73187 46850 76574 4742 35814 40484 38330 40744 79953 75520 17899 50333 49135 554 78402 40698 47456 18196 14537 92726 36136 25491 70839 74739 65371 83368 89025 14971 50312 1773 7080 37451 9134 16219 15364 35468 63977 47743 42 98891 12259 74743 47496 50895 985 39050 50569 85486 86681 53343 54579 44832 85737 74751 62350 92412 97815 42645 49063 6940 98605 75813 35325 3811 71297 74658 15854 70381 79103 94217 2725 13948 2033 41851 31771 8993 41809 81275 41680 24864 57759 14049 13280 67469 31786 43981 68766 31396 15402 97927 4521 41104 78961 78105 30268 30062 67141 70816 76478 95027 45899 30310 27199 31565 36225 84074 53063 8679 48523 2777 59685 48734 1582 43643 54456 5026 51655 38166 33446 11568 49895 55771 57589 25063 84331 1996 32967 12990 87406 21133 49511 40389 48526 15991 65705 45457 62591 35957 40504 46077 41627 17556 58707 39230 97208 65380 38643 93100 46830 86451 60159 48178 77566 95882 26217 84444 66403 38487 60569 87298 7591 59771 94143 94577 58771 6830 70330 66521 13326 40774 95907 65432 45968 78716 98017 20369 28221 87463 80933 5910 22703 93169 38345 75988 10549 65622 87342 38649 66178 8539 43843 9287 55270 78780 94416 92883 99221 1351 10183 55155 59221 87480 3455 17222 78767 30427 40006 65273 2445 9426 8348 27781 48883 26820 22963 9866 91265 72008 62732 87428 70608 19347 19705 52046 37810 4006 34314 83771 21422 83964 88844 37191 76318 80728 33642 4177 28066 85515 47059 11758 34378 13759 55751 29971 39779 27571 81161 67749 92004 60452 11957 53818 43725 21885 12900 45261 51796 35664 35791 70951 63467 36621 64963 55858 45698 48840 14834 52494 94506 27667 6450 45613 30041 31879 72019 79400 73935 57840 53142 24312 88946 17653 63903 53327 88064 31720 2636 67181 61706 33335 29314 49632 23486 68721 64341 91908 57914 25808 74564 3942 43060 26762 79760 85540 59049 78465 94881 19104 45293 43996 35578 24869 1156 50738 11923 55941 53297 7514 21473 10728 89655 64536 72983 87228 78261 54427 74186 59480 35377 76321 9480 8529 70228 49662 47539 54551 5304 39737 22007 10726 47413 65090 92537 10780 44612 85032 28154 97949 67161 70315 47715 76499 66703 53097 93888 947 4903 34682 35851 85687 9765 51418 46747 94560 73837 45053 69864 61321 14705 41625 38488 62983 31563 81200 83661 3490 35304 51448 23239 68344 82969 89547 23652 21940 59442 3347 22538 183 44564 12938 11702 45572 27217 76088 49709 54318 8061 29106 86765 49267 90242 23919 1161 12664 3565 84832 58972 4723 83337 27119 64627 88909 90330 37274 38784 8766 91404 51636 79904 50283 95748 48691 32204 85454 11617 7307 46549 12773 50056 75237 36559 40364 10394 19142 79406 3173 39837 80205 33952 91601 19736 41782 94856 89486 22494 44182 87764 14516 19563 19628 41023 67943 11228 38948 32488 50973 581 44498 76411 61497 63541 32813 18126 89540 71408 58637 91247 66933 87013 3771 18181 61631 51612 51296 65312 66766 2020 91267 2012 96595 93248 47618 52411 19613 2817 41691 11233 34365 76180 92137 48056 24220 54019 41984 67969 94675 92746 10093 7558 52191 31716 13031 32572 43884 56488 36517 30458 22899 1604 39988 55257 23756 75875 2673 91311 31245 63315 26604 41225 20142 16419 26902 18050 48171 72523 67516 81856 42788 74026 99935 21342 64909 22793 20422 39429 85972 1701 3951 90364 62706 34016 1928 72432 27033 20048 40861 76894 26918 59625 41003 75094 19741 24883 36425 19851 50642 37114 38752 85508 39242 45341 72286 25620 25707 12328 42991 62079 20548 55619 91040 82050 93855 15767 91202 61076 75284 80072 75771 38685 79213 5383 78312 56072 12294 14005 63181 41056 37083 84508 94045 3944 43062 92145 43847 20025 61865 996 81332 34537 65016 77149 30342 58133 35950 58718 88892 21815 19641 51477 60838 1599 85899 61823 18341 96697 67178 28258 25811 56310 48075 26367 96094 39427 91095 68523 36176 46727 40283 71589 21300 67251 87719 79315 92627 52002 23530 6494 56280 31365 9231 26887 31096 61201 23719 77320 16066 72877 73980 51081 57436 53470 82587 47865 50038 86427 76921 42289 6403 1460 13450 27752 86428 95395 28046 1147 39805 78843 97501 55471 38324 62590 87574 66337 8741 20615 72777 21552 72964 22392 79281 47463 90252 88694 60541 31545 91447 29665 59516 20159 88988 11770 15165 59645 96546 84166 59785 35096 44694 23054 35732 96985 30203 54768 71533 25007 43629 57007 27245 54132 7792 35876 33310 27755 36187 56472 20060 48320 14040 87577 89809 47649 89663 13992 97141 99393 28401 95660 3155 16537 24748 21506 31124 70305 64272 58085 2531 13097 55697 21571 3768 15672 93802 13772 44932 17931 4010 75840 64277 77342 55768 17110 24583 73803 41207 63562 35959 60770 84364 8218 48044 25566 16914 80519 50910 70713 38960 48731 27886 93321 51327 32828 58741 26855 8861 94169 55506 34301 67096 64851 82499 33510 26139 51147 19242 70174 59850 86892 73521 33027 82332 67434 6021 24514 53266 65986 86642 80724 60845 38303 97611 96910 21528 64133 7958 94069 94115 54350 99973 93677 12497 93065 11521 2436 56663 36744 12272 43708 49204 43802 91954 27192 64750 77972 39348 42495 71879 89235 49431 56921 88061 10530 31467 98962 59807 88904 16757 41744 58696 19352 99515 88253 40962 68911 39715 65901 13711 86211 57037 72783 64709 68365 78100 84777 99343 83208 97667 82784 21037 93228 53551 79414 58610 93431 4613 35349 93220 80279 88725 46055 85605 83453 78903 69219 49137 47670 79573 29423 75949 24163 38002 5196 32557 87379 99975 4773 46771 56075 8301 6262 49986 38736 83831 15990 73786 43667 12156 95918 96058 99064 30211 86312 36073 18171 91967 59891 90885 96783 45055 80047 96642 59706 77984 36220 80261 80464 15998 83105 49032 44327 75789 62303 42472 97065 19848 36585 73680 26449 50081 36416 61259 65980 45119 94787 54564 22740 94387 28423 5534 60990 80765 52049 44019 35044 40311 16622 51064 43317 95781 23261 42322 49430 20319 801 80080 76957 36154 27397 67640 65826 34848 81151 86758 19000 28023 31436 41353 38719 51910 42584 94207 48500 14639 93090 42691 3792 82952 80323 90670 69817 10561 86821 54509 77300 46873 25542 61220 92195 65484 37417 28031 87741 99688 47144 92170 55259 14579 2227 44654 81827 86093 65585 7101 60274 46395 69251 49270 70358 41943 84687 73263 85035 79009 21260 52075 99339 3429 55062 50245 90510 20164 64586 16821 97839 67113 3579 69778 41467 26178 86567 13313 83734 45328 62521 62291 2016 76464 75167 6920 41085 55358 14260 34512 54680 6906 68859 99340 55575 72279 93636 66538 52715 90857 83119 20989 28874 46074 93370 13883 97958 36783 88113 79059 18012 37605 45205 66049 92867 7059 81838 79748 55181 7679 90370 26212 88231 1589 10493 38251 73580 20438 67132 61405 92076 98484 47025 35576 59121 12863 51835 67549 44989 2476 534 45153 80429 57578 62550 24009 47420 39646 97574 91036 59160 13891 37921 28720 21020 55369 94594 8123 22139 4385 62449 57714 92980 35983 28162 28070 92286 10862 92855 83835 49843 56769 21893 60300 9154 70284 89413 99067 96702 19358 71201 28395 6614 32668 69221 33267 80836 93503 34133 60961 4697 62874 42164 36956 73784 20257 7386 78663 11156 27616 31702 29209 16275 83361 85693 2434 21060 95770 96992 53351 56418 75791 75033 73885 75654 67605 83796 94222 58693 21776 1362 40532 5772 78472 97989 94793 92924 17439 55400 85738 39256 72856 62668 89833 69570 88506 499 34667 82063 54064 17448 42351 59420 63186 69058 87294 32141 78086 76904 14761 5330 53167 97045 14176 63803 54984 96413 28706 6266 22315 88215 8504 54215 92437
==1458398== Parent PID: 1453491
==1458398== 
--1458398-- 
--1458398-- Valgrind options:
--1458398--    -v
--1458398--    --trace-children=yes
--1458398--    --track-fds=yes
--1458398--    --track-origins=yes
--1458398--    --leak-check=full
--1458398--    --show-leak-kinds=all
--1458398--    --show-reachable=yes
--1458398--    --errors-for-leak-kinds=all
--1458398--    --error-exitcode=1
--1458398--    --log-file=valgrind_detailed.log
--1458398-- Contents of /proc/version:
--1458398--   Linux version 6.6.72-x64v3-t2-jammy-xanmod1 (root@fv-az1245-313) (gcc (Ubuntu 11.4.0-1ubuntu1~22.04) 11.4.0, GNU ld (GNU Binutils for Ubuntu) 2.38) #xanmod1 SMP PREEMPT_DYNAMIC Sat Jan 18 01:41:53 UTC 2025
--1458398-- 
--1458398-- Arch and hwcaps: AMD64, LittleEndian, amd64-cx16-lzcnt-rdtscp-sse3-ssse3-avx-avx2-bmi-f16c-rdrand-rdseed
--1458398-- Page sizes: currently 4096, max supported 4096
--1458398-- Valgrind library directory: /usr/libexec/valgrind
--1458398-- Reading syms from /home/vviterbo/Desktop/C05/CPP/CPP09/ex02/PmergeMe
--1458398-- Reading syms from /usr/lib/x86_64-linux-gnu/ld-linux-x86-64.so.2
--1458398--   Considering /usr/lib/debug/.build-id/ac/af96d7b1a6bad57b559d646233d5dc1a23257c.debug ..
--1458398--   .. build-id is valid
--1458398-- Reading syms from /usr/libexec/valgrind/memcheck-amd64-linux
--1458398--    object doesn't have a symbol table
--1458398--    object doesn't have a dynamic symbol table
--1458398-- Scheduler: using generic scheduler lock implementation.
--1458398-- Reading suppressions file: /usr/libexec/valgrind/default.supp
==1458398== embedded gdbserver: reading from /tmp/vgdb-pipe-from-vgdb-to-1458398-by-vviterbo-on-???
==1458398== embedded gdbserver: writing to   /tmp/vgdb-pipe-to-vgdb-from-1458398-by-vviterbo-on-???
==1458398== embedded gdbserver: shared mem   /tmp/vgdb-pipe-shared-mem-vgdb-1458398-by-vviterbo-on-???
==1458398== 
==1458398== TO CONTROL THIS PROCESS USING vgdb (which you probably
==1458398== don't want to do, unless you know exactly what you're doing,
==1458398== or are doing some strange experiment):
==1458398==   /usr/bin/vgdb --pid=1458398 ...command...
==1458398== 
==1458398== TO DEBUG THIS PROCESS USING GDB: start GDB like this
==1458398==   /path/to/gdb ./PmergeMe
==1458398== and then give GDB the following command
==1458398==   target remote | /usr/bin/vgdb --pid=1458398
==1458398== --pid is optional if only one valgrind process is running
==1458398== 
--1458398-- REDIR: 0x402aa40 (ld-linux-x86-64.so.2:strlen) redirected to 0x580bcec2 (???)
--1458398-- REDIR: 0x402a810 (ld-linux-x86-64.so.2:index) redirected to 0x580bcedc (???)
--1458398-- Reading syms from /usr/libexec/valgrind/vgpreload_core-amd64-linux.so
--1458398--    object doesn't have a symbol table
--1458398-- Reading syms from /usr/libexec/valgrind/vgpreload_memcheck-amd64-linux.so
--1458398--    object doesn't have a symbol table
==1458398== WARNING: new redirection conflicts with existing -- ignoring it
--1458398--     old: 0x0402aa40 (strlen              ) R-> (0000.0) 0x580bcec2 ???
--1458398--     new: 0x0402aa40 (strlen              ) R-> (2007.0) 0x0484ee30 strlen
--1458398-- REDIR: 0x4027220 (ld-linux-x86-64.so.2:strcmp) redirected to 0x484fcd0 (strcmp)
--1458398-- REDIR: 0x402afa0 (ld-linux-x86-64.so.2:mempcpy) redirected to 0x4853840 (mempcpy)
--1458398-- Reading syms from /usr/lib/x86_64-linux-gnu/libstdc++.so.6.0.30
--1458398--    object doesn't have a symbol table
--1458398-- Reading syms from /usr/lib/x86_64-linux-gnu/libm.so.6
--1458398--   Considering /usr/lib/debug/.build-id/b2/b4cd0f73a7c7a6da5ba4126bceb33ce68853d5.debug ..
--1458398--   .. build-id is valid
--1458398-- Reading syms from /usr/lib/x86_64-linux-gnu/libgcc_s.so.1
--1458398--    object doesn't have a symbol table
--1458398-- Reading syms from /usr/lib/x86_64-linux-gnu/libc.so.6
--1458398--   Considering /usr/lib/debug/.build-id/4f/7b0c955c3d81d7cac1501a2498b69d1d82bfe7.debug ..
--1458398--   .. build-id is valid
==1458398== WARNING: new redirection conflicts with existing -- ignoring it
--1458398--     old: 0x04c4cc60 (memalign            ) R-> (1011.0) 0x0484e080 memalign
--1458398--     new: 0x04c4cc60 (memalign            ) R-> (1017.0) 0x0484e050 aligned_alloc
==1458398== WARNING: new redirection conflicts with existing -- ignoring it
--1458398--     old: 0x04c4cc60 (memalign            ) R-> (1011.0) 0x0484e080 memalign
--1458398--     new: 0x04c4cc60 (memalign            ) R-> (1017.0) 0x0484e020 aligned_alloc
==1458398== WARNING: new redirection conflicts with existing -- ignoring it
--1458398--     old: 0x04c4cc60 (memalign            ) R-> (1011.0) 0x0484e080 memalign
--1458398--     new: 0x04c4cc60 (memalign            ) R-> (1017.0) 0x0484e050 aligned_alloc
==1458398== WARNING: new redirection conflicts with existing -- ignoring it
--1458398--     old: 0x04c4cc60 (memalign            ) R-> (1011.0) 0x0484e080 memalign
--1458398--     new: 0x04c4cc60 (memalign            ) R-> (1017.0) 0x0484e020 aligned_alloc
--1458398-- REDIR: 0x4c4f720 (libc.so.6:strnlen) redirected to 0x483f220 (_vgnU_ifunc_wrapper)
--1458398-- REDIR: 0x4c4f9e0 (libc.so.6:strpbrk) redirected to 0x483f220 (_vgnU_ifunc_wrapper)
--1458398-- REDIR: 0x4c4f2e0 (libc.so.6:strcmp) redirected to 0x483f220 (_vgnU_ifunc_wrapper)
--1458398-- REDIR: 0x4c6dcd0 (libc.so.6:wcsnlen) redirected to 0x483f220 (_vgnU_ifunc_wrapper)
--1458398-- REDIR: 0x4c506d0 (libc.so.6:memset) redirected to 0x483f220 (_vgnU_ifunc_wrapper)
--1458398-- REDIR: 0x4c6c540 (libc.so.6:wcslen) redirected to 0x483f220 (_vgnU_ifunc_wrapper)
--1458398-- REDIR: 0x4c50c10 (libc.so.6:memcpy@@GLIBC_2.14) redirected to 0x483f220 (_vgnU_ifunc_wrapper)
--1458398-- REDIR: 0x4c6c370 (libc.so.6:wcschr) redirected to 0x483f220 (_vgnU_ifunc_wrapper)
--1458398-- REDIR: 0x4c4f260 (libc.so.6:index) redirected to 0x483f220 (_vgnU_ifunc_wrapper)
--1458398-- REDIR: 0x4c4f960 (libc.so.6:rindex) redirected to 0x483f220 (_vgnU_ifunc_wrapper)
--1458398-- REDIR: 0x4c505a0 (libc.so.6:memmove) redirected to 0x483f220 (_vgnU_ifunc_wrapper)
==1458398== Preferring higher priority redirection:
--1458398--     old: 0x04d47840 (__memcpy_avx_unalign) R-> (2018.0) 0x04850f90 __memcpy_avx_unaligned_erms
--1458398--     new: 0x04d47840 (__memcpy_avx_unalign) R-> (2018.1) 0x04852880 memmove
--1458398-- REDIR: 0x4c6c3f0 (libc.so.6:wcscmp) redirected to 0x483f220 (_vgnU_ifunc_wrapper)
--1458398-- REDIR: 0x4c509e0 (libc.so.6:stpncpy) redirected to 0x483f220 (_vgnU_ifunc_wrapper)
--1458398-- REDIR: 0x4c6c9b0 (libc.so.6:wmemchr) redirected to 0x483f220 (_vgnU_ifunc_wrapper)
--1458398-- REDIR: 0x4c4f830 (libc.so.6:strncmp) redirected to 0x483f220 (_vgnU_ifunc_wrapper)
--1458398-- REDIR: 0x4c50a70 (libc.so.6:strcasecmp) redirected to 0x483f220 (_vgnU_ifunc_wrapper)
--1458398-- REDIR: 0x4c4f420 (libc.so.6:strcspn) redirected to 0x483f220 (_vgnU_ifunc_wrapper)
--1458398-- REDIR: 0x4c6c470 (libc.so.6:wcscpy) redirected to 0x483f220 (_vgnU_ifunc_wrapper)
--1458398-- REDIR: 0x4c4f1d0 (libc.so.6:strcat) redirected to 0x483f220 (_vgnU_ifunc_wrapper)
--1458398-- REDIR: 0x4c50b60 (libc.so.6:strncasecmp_l) redirected to 0x483f220 (_vgnU_ifunc_wrapper)
--1458398-- REDIR: 0x4c50480 (libc.so.6:bcmp) redirected to 0x483f220 (_vgnU_ifunc_wrapper)
--1458398-- REDIR: 0x4c58570 (libc.so.6:memrchr) redirected to 0x483f220 (_vgnU_ifunc_wrapper)
--1458398-- REDIR: 0x4c52010 (libc.so.6:strchrnul) redirected to 0x483f220 (_vgnU_ifunc_wrapper)
--1458398-- REDIR: 0x4c4f390 (libc.so.6:strcpy) redirected to 0x483f220 (_vgnU_ifunc_wrapper)
--1458398-- REDIR: 0x4c50b10 (libc.so.6:strcasecmp_l) redirected to 0x483f220 (_vgnU_ifunc_wrapper)
--1458398-- REDIR: 0x4c4f6a0 (libc.so.6:strlen) redirected to 0x483f220 (_vgnU_ifunc_wrapper)
--1458398-- REDIR: 0x4c4f8d0 (libc.so.6:strncpy) redirected to 0x483f220 (_vgnU_ifunc_wrapper)
--1458398-- REDIR: 0x4c50950 (libc.so.6:stpcpy) redirected to 0x483f220 (_vgnU_ifunc_wrapper)
--1458398-- REDIR: 0x4c503f0 (libc.so.6:memchr) redirected to 0x483f220 (_vgnU_ifunc_wrapper)
--1458398-- REDIR: 0x4c4fb00 (libc.so.6:strspn) redirected to 0x483f220 (_vgnU_ifunc_wrapper)
--1458398-- REDIR: 0x4c507d0 (libc.so.6:mempcpy) redirected to 0x483f220 (_vgnU_ifunc_wrapper)
--1458398-- REDIR: 0x4c50ac0 (libc.so.6:strncasecmp) redirected to 0x483f220 (_vgnU_ifunc_wrapper)
--1458398-- REDIR: 0x4c51f80 (libc.so.6:rawmemchr) redirected to 0x483f220 (_vgnU_ifunc_wrapper)
--1458398-- REDIR: 0x4d44690 (libc.so.6:__strrchr_avx2) redirected to 0x484e810 (rindex)
--1458398-- REDIR: 0x4c4c0a0 (libc.so.6:malloc) redirected to 0x4848820 (malloc)
--1458398-- REDIR: 0x4d44860 (libc.so.6:__strlen_avx2) redirected to 0x484ed10 (strlen)
--1458398-- REDIR: 0x4d40b00 (libc.so.6:__memcmp_avx2_movbe) redirected to 0x4852010 (bcmp)
--1458398-- REDIR: 0x4922970 (libstdc++.so.6:operator new(unsigned long)) redirected to 0x4848fa0 (operator new(unsigned long))
--1458398-- REDIR: 0x4d47840 (libc.so.6:__memcpy_avx_unaligned_erms) redirected to 0x4852880 (memmove)
--1458398-- REDIR: 0x4920c10 (libstdc++.so.6:operator delete(void*)) redirected to 0x484b840 (operator delete(void*))
--1458398-- REDIR: 0x4d47800 (libc.so.6:__mempcpy_avx_unaligned_erms) redirected to 0x4853440 (mempcpy)
--1458398-- REDIR: 0x4d44480 (libc.so.6:__strchrnul_avx2) redirected to 0x4853330 (strchrnul)
--1458398-- REDIR: 0x4d40340 (libc.so.6:__memchr_avx2) redirected to 0x484fd50 (memchr)
--1458398-- REDIR: 0x4c4c3e0 (libc.so.6:free) redirected to 0x484b210 (free)
==1458398== 
==1458398== FILE DESCRIPTORS: 6 open (3 std) at exit.
==1458398== Open file descriptor 103: /usr/share/code/v8_context_snapshot.bin
==1458398==    <inherited from parent>
==1458398== 
==1458398== Open file descriptor 41: /home/vviterbo/.config/Code/logs/20251108T103857/ptyhost.log
==1458398==    <inherited from parent>
==1458398== 
==1458398== Open file descriptor 3: /home/vviterbo/Desktop/C05/CPP/CPP09/ex02/valgrind_detailed.log
==1458398==    <inherited from parent>
==1458398== 
==1458398== 
==1458398== HEAP SUMMARY:
==1458398==     in use at exit: 0 bytes in 0 blocks
==1458398==   total heap usage: 899 allocs, 899 frees, 907,024 bytes allocated
==1458398== 
==1458398== All heap blocks were freed -- no leaks are possible
==1458398== 
==1458398== ERROR SUMMARY: 0 errors from 0 contexts (suppressed: 0 from 0)
